<?xml version="1.0" encoding="UTF-8"?>
<testsuite name="calculator.StringCalculatorTest" tests="9" skipped="0" failures="0" errors="0" timestamp="2022-01-14T14:26:42" hostname="DESKTOP-IODVTCK" time="0.021">
  <properties/>
  <testcase name="emptyList()" classname="calculator.StringCalculatorTest" time="0.012"/>
  <testcase name="testFirstLineDelimiters()" classname="calculator.StringCalculatorTest" time="0.002"/>
  <testcase name="anyDelimiter()" classname="calculator.StringCalculatorTest" time="0.001"/>
  <testcase name="oneNumberOnly()" classname="calculator.StringCalculatorTest" time="0.0"/>
  <testcase name="manyDelimiters()" classname="calculator.StringCalculatorTest" time="0.001"/>
  <testcase name="twoNumbersByComa()" classname="calculator.StringCalculatorTest" time="0.0"/>
  <testcase name="threeNumbersByAnyDelimiter()" classname="calculator.StringCalculatorTest" time="0.0"/>
  <testcase name="notNegativesAllowed()" classname="calculator.StringCalculatorTest" time="0.001"/>
  <testcase name="twoNumbersByEndLine()" classname="calculator.StringCalculatorTest" time="0.0"/>
  <system-out><![CDATA[]]></system-out>
  <system-err><![CDATA[]]></system-err>
</testsuite>
